[2023-05-17 10:22:44] [1] [WARN] Reporting disabled: using no op test run registrar
[2023-05-17 10:22:44] [1] [INFO] TEST [carina-demo - testAllPagesAvailable] STARTED at [13:22:44 2023-05-17]
[2023-05-17 10:22:44] [1] [INFO] Starting driver session...
[2023-05-17 10:22:49] [1] [INFO] Driver session started.
[2023-05-17 10:22:50] [1] [ERROR] TEST [carina-demo - testAllPagesAvailable] FAILED at [13:22:50 2023-05-17] - Implement appropriate AbstractUIObject constructor for auto-initialization!

com.zebrunner.carina.webdriver.decorator.ExtendedFieldDecorator.proxyForAbstractUIObject(ExtendedFieldDecorator.java:144)
com.zebrunner.carina.webdriver.decorator.ExtendedFieldDecorator.decorate(ExtendedFieldDecorator.java:82)
org.openqa.selenium.support.PageFactory.proxyFields(PageFactory.java:111)
org.openqa.selenium.support.PageFactory.initElements(PageFactory.java:103)
com.zebrunner.carina.webdriver.gui.AbstractUIObject.<init>(AbstractUIObject.java:83)
com.zebrunner.carina.webdriver.gui.AbstractUIObject.<init>(AbstractUIObject.java:65)
com.zebrunner.carina.webdriver.gui.AbstractPage.<init>(AbstractPage.java:56)
com.solvd.carina.demo.gui.mobilworld.page.MainPage.<init>(MainPage.java:25)
com.solvd.carina.demo.MobilWorldWebTest.testAllPagesAvailable(MobilWorldWebTest.java:83)
java.base/jdk.internal.reflect.DirectMethodHandleAccessor.invoke(DirectMethodHandleAccessor.java:104)
java.base/java.lang.reflect.Method.invoke(Method.java:578)
org.testng.internal.invokers.MethodInvocationHelper.invokeMethod(MethodInvocationHelper.java:139)
org.testng.internal.invokers.TestInvoker.invokeMethod(TestInvoker.java:677)
org.testng.internal.invokers.TestInvoker.invokeTestMethod(TestInvoker.java:221)
org.testng.internal.invokers.MethodRunner.runInSequence(MethodRunner.java:50)
org.testng.internal.invokers.TestInvoker$MethodInvocationAgent.invoke(TestInvoker.java:962)
org.testng.internal.invokers.TestInvoker.invokeTestMethods(TestInvoker.java:194)
org.testng.internal.invokers.TestMethodWorker.invokeTestMethods(TestMethodWorker.java:148)
org.testng.internal.invokers.TestMethodWorker.run(TestMethodWorker.java:128)
java.base/java.util.ArrayList.forEach(ArrayList.java:1511)
org.testng.TestRunner.privateRun(TestRunner.java:806)
org.testng.TestRunner.run(TestRunner.java:601)
org.testng.SuiteRunner.runTest(SuiteRunner.java:433)
org.testng.SuiteRunner.runSequentially(SuiteRunner.java:427)
org.testng.SuiteRunner.privateRun(SuiteRunner.java:387)
org.testng.SuiteRunner.run(SuiteRunner.java:330)
org.testng.SuiteRunnerWorker.runSuite(SuiteRunnerWorker.java:52)
org.testng.SuiteRunnerWorker.run(SuiteRunnerWorker.java:95)
org.testng.TestNG.runSuitesSequentially(TestNG.java:1256)
org.testng.TestNG.runSuitesLocally(TestNG.java:1176)
org.testng.TestNG.runSuites(TestNG.java:1099)
org.testng.TestNG.run(TestNG.java:1067)
com.intellij.rt.testng.IDEARemoteTestNG.run(IDEARemoteTestNG.java:66)
com.intellij.rt.testng.RemoteTestNGStarter.main(RemoteTestNGStarter.java:105)
